<?xml version="1.0" encoding="UTF-8"?>
<testsuites>
	<testsuite tests="1" errors="0" failures="0" time="0.001" timestamp="2014-05-28T16:49:17">
		<testcase classname="suite1" name="set and get a property" time="0.001">
		</testcase>
	</testsuite>
</testsuites>

